<component name="libraryTable">
  <library name="junit-4.12">
    <CLASSES>
      <root url="jar://$PROJECT_DIR$/libs/junit-4.12.jar!/" />
      <root url="jar://$PROJECT_DIR$/libs/junit-jupiter-api-5.0.0-M2.jar!/" />
      <root url="jar://$PROJECT_DIR$/libs/opentest4j-1.0.0-M1.jar!/" />
      <root url="jar://$PROJECT_DIR$/libs/junit-platform-commons-1.0.0-M2.jar!/" />
      <root url="jar://$PROJECT_DIR$/libs/hamcrest-core-1.3.jar!/" />
    </CLASSES>
    <JAVADOC />
    <SOURCES />
  </library>
</component>